<?xml version="1.0" encoding="UTF-8"?>
<!-- Generated by org.testng.reporters.JUnitReportReporter -->
<testsuite hostname="Vikash-PC" name="runner.PositiveTest" tests="1" failures="0" timestamp="9 Dec 2018 09:38:56 GMT" time="111.414" errors="0">
  <testcase name="feature" time="111.414" classname="runner.PositiveTest"/>
</testsuite> <!-- runner.PositiveTest -->
