<?xml version="1.0" encoding="UTF-8"?>
<!-- Generated by org.testng.reporters.JUnitReportReporter -->
<testsuite hostname="Vikash-PC" name="runner.PositiveTest" tests="3" failures="0" timestamp="10 Dec 2018 07:07:33 GMT" time="324.675" errors="0">
  <testcase name="feature" time="126.164" classname="runner.PositiveTest"/>
  <testcase name="feature" time="104.570" classname="runner.PositiveTest"/>
  <testcase name="feature" time="93.941" classname="runner.PositiveTest"/>
</testsuite> <!-- runner.PositiveTest -->
